{"/Users/yakovr/dev/private/testing-101/src/components/top-bar/top-bar.tsx": {"path":"/Users/yakovr/dev/private/testing-101/src/components/top-bar/top-bar.tsx","statementMap":{"0":{"start":{"line":8,"column":35},"end":{"line":25,"column":1}},"1":{"start":{"line":9,"column":1},"end":{"line":24,"column":3}},"2":{"start":{"line":8,"column":13},"end":{"line":8,"column":35}}},"fnMap":{"0":{"name":"(anonymous_0)","decl":{"start":{"line":8,"column":35},"end":{"line":8,"column":36}},"loc":{"start":{"line":8,"column":60},"end":{"line":25,"column":1}}}},"branchMap":{},"s":{"0":1,"1":4,"2":1},"f":{"0":4},"b":{}}
}
